0 info it worked if it ends with ok
1 verbose cli [ '/usr/local/bin/node',
1 verbose cli   '/usr/local/bin/npm',
1 verbose cli   'run',
1 verbose cli   'lint:watch' ]
2 info using npm@3.7.3
3 info using node@v5.8.0
4 verbose run-script [ 'prelint:watch', 'lint:watch', 'postlint:watch' ]
5 info lifecycle modulo-separated-modules@0.0.1~prelint:watch: modulo-separated-modules@0.0.1
6 silly lifecycle modulo-separated-modules@0.0.1~prelint:watch: no script for prelint:watch, continuing
7 info lifecycle modulo-separated-modules@0.0.1~lint:watch: modulo-separated-modules@0.0.1
8 verbose lifecycle modulo-separated-modules@0.0.1~lint:watch: unsafe-perm in lifecycle true
9 verbose lifecycle modulo-separated-modules@0.0.1~lint:watch: PATH: /usr/local/lib/node_modules/npm/bin/node-gyp-bin:/home/rawbin/Projets/_1projets_en_cours/modulo/modulo/node_modules/.bin:/usr/local/bin:/usr/local/heroku/bin:/usr/local/sbin:/usr/local/bin:/usr/sbin:/usr/bin:/sbin:/bin:/usr/games:/usr/local/games
10 verbose lifecycle modulo-separated-modules@0.0.1~lint:watch: CWD: /home/rawbin/Projets/_1projets_en_cours/modulo/modulo
11 silly lifecycle modulo-separated-modules@0.0.1~lint:watch: Args: [ '-c',
11 silly lifecycle   'node_modules/eslint-watch/bin/esw --watch --config .eslintrc src' ]
12 silly lifecycle modulo-separated-modules@0.0.1~lint:watch: Returned: code: 1  signal: null
13 info lifecycle modulo-separated-modules@0.0.1~lint:watch: Failed to exec lint:watch script
14 verbose stack Error: modulo-separated-modules@0.0.1 lint:watch: `node_modules/eslint-watch/bin/esw --watch --config .eslintrc src`
14 verbose stack Exit status 1
14 verbose stack     at EventEmitter.<anonymous> (/usr/local/lib/node_modules/npm/lib/utils/lifecycle.js:239:16)
14 verbose stack     at emitTwo (events.js:100:13)
14 verbose stack     at EventEmitter.emit (events.js:185:7)
14 verbose stack     at ChildProcess.<anonymous> (/usr/local/lib/node_modules/npm/lib/utils/spawn.js:24:14)
14 verbose stack     at emitTwo (events.js:100:13)
14 verbose stack     at ChildProcess.emit (events.js:185:7)
14 verbose stack     at maybeClose (internal/child_process.js:850:16)
14 verbose stack     at Process.ChildProcess._handle.onexit (internal/child_process.js:215:5)
15 verbose pkgid modulo-separated-modules@0.0.1
16 verbose cwd /home/rawbin/Projets/_1projets_en_cours/modulo/modulo
17 error Linux 3.19.0-59-generic
18 error argv "/usr/local/bin/node" "/usr/local/bin/npm" "run" "lint:watch"
19 error node v5.8.0
20 error npm  v3.7.3
21 error code ELIFECYCLE
22 error modulo-separated-modules@0.0.1 lint:watch: `node_modules/eslint-watch/bin/esw --watch --config .eslintrc src`
22 error Exit status 1
23 error Failed at the modulo-separated-modules@0.0.1 lint:watch script 'node_modules/eslint-watch/bin/esw --watch --config .eslintrc src'.
23 error Make sure you have the latest version of node.js and npm installed.
23 error If you do, this is most likely a problem with the modulo-separated-modules package,
23 error not with npm itself.
23 error Tell the author that this fails on your system:
23 error     node_modules/eslint-watch/bin/esw --watch --config .eslintrc src
23 error You can get information on how to open an issue for this project with:
23 error     npm bugs modulo-separated-modules
23 error Or if that isn't available, you can get their info via:
23 error     npm owner ls modulo-separated-modules
23 error There is likely additional logging output above.
24 verbose exit [ 1, true ]
